[  4%] Building C object lib/CMakeFiles/vorbis.dir/mdct.c.o
[  8%] Building C object lib/CMakeFiles/vorbis.dir/smallft.c.o
[ 12%] Building C object lib/CMakeFiles/vorbis.dir/block.c.o
[ 16%] Building C object lib/CMakeFiles/vorbis.dir/envelope.c.o
[ 20%] Building C object lib/CMakeFiles/vorbis.dir/window.c.o
[ 24%] Building C object lib/CMakeFiles/vorbis.dir/lsp.c.o
[ 28%] Building C object lib/CMakeFiles/vorbis.dir/lpc.c.o
[ 32%] Building C object lib/CMakeFiles/vorbis.dir/analysis.c.o
[ 36%] Building C object lib/CMakeFiles/vorbis.dir/synthesis.c.o
[ 40%] Building C object lib/CMakeFiles/vorbis.dir/psy.c.o
[ 44%] Building C object lib/CMakeFiles/vorbis.dir/info.c.o
[ 48%] Building C object lib/CMakeFiles/vorbis.dir/floor1.c.o
[ 52%] Building C object lib/CMakeFiles/vorbis.dir/floor0.c.o
[ 56%] Building C object lib/CMakeFiles/vorbis.dir/res0.c.o
[ 60%] Building C object lib/CMakeFiles/vorbis.dir/mapping0.c.o
[ 64%] Building C object lib/CMakeFiles/vorbis.dir/registry.c.o
[ 68%] Building C object lib/CMakeFiles/vorbis.dir/codebook.c.o
[ 72%] Building C object lib/CMakeFiles/vorbis.dir/sharedbook.c.o
[ 76%] Building C object lib/CMakeFiles/vorbis.dir/lookup.c.o
[ 80%] Building C object lib/CMakeFiles/vorbis.dir/bitrate.c.o
[ 84%] Linking C shared library libvorbis.dylib
[ 84%] Built target vorbis
[ 88%] Building C object lib/CMakeFiles/vorbisenc.dir/vorbisenc.c.o
[ 92%] Linking C shared library libvorbisenc.dylib
[ 92%] Built target vorbisenc
[ 96%] Building C object lib/CMakeFiles/vorbisfile.dir/vorbisfile.c.o
[100%] Linking C shared library libvorbisfile.dylib
[100%] Built target vorbisfile
